This is XeTeX, Version 3.141592653-2.6-0.999994 (TeX Live 2022/Arch Linux) (preloaded format=xelatex 2023.1.30)  4 FEB 2023 14:23
entering extended mode
 restricted \write18 enabled.
 file:line:error style messages enabled.
 %&-line parsing enabled.
**IFM_Lectures_Notes.tex
(./IFM_Lectures_Notes.tex
LaTeX2e <2021-11-15> patch level 1
L3 programming layer <2022-04-10> (/usr/share/texmf-dist/tex/latex/base/article.cls
Document Class: article 2021/10/04 v1.4n Standard LaTeX document class
(/usr/share/texmf-dist/tex/latex/base/size10.clo
File: size10.clo 2021/10/04 v1.4n Standard LaTeX file (size option)
)
\c@part=\count181
\c@section=\count182
\c@subsection=\count183
\c@subsubsection=\count184
\c@paragraph=\count185
\c@subparagraph=\count186
\c@figure=\count187
\c@table=\count188
\abovecaptionskip=\skip47
\belowcaptionskip=\skip48
\bibindent=\dimen138
) (/usr/share/texmf-dist/tex/latex/amsmath/amsmath.sty
Package: amsmath 2021/10/15 v2.17l AMS math features
\@mathmargin=\skip49

For additional information on amsmath, use the `?' option.
(/usr/share/texmf-dist/tex/latex/amsmath/amstext.sty
Package: amstext 2021/08/26 v2.01 AMS text
 (/usr/share/texmf-dist/tex/latex/amsmath/amsgen.sty
File: amsgen.sty 1999/11/30 v2.0 generic functions
\@emptytoks=\toks16
\ex@=\dimen139
)) (/usr/share/texmf-dist/tex/latex/amsmath/amsbsy.sty
Package: amsbsy 1999/11/29 v1.2d Bold Symbols
\pmbraise@=\dimen140
) (/usr/share/texmf-dist/tex/latex/amsmath/amsopn.sty
Package: amsopn 2021/08/26 v2.02 operator names
)
\inf@bad=\count189
LaTeX Info: Redefining \frac on input line 234.
\uproot@=\count190
\leftroot@=\count191
LaTeX Info: Redefining \overline on input line 399.
\classnum@=\count192
\DOTSCASE@=\count193
LaTeX Info: Redefining \ldots on input line 496.
LaTeX Info: Redefining \dots on input line 499.
LaTeX Info: Redefining \cdots on input line 620.
\Mathstrutbox@=\box50
\strutbox@=\box51
\big@size=\dimen141
LaTeX Font Info:    Redeclaring font encoding OML on input line 743.
LaTeX Font Info:    Redeclaring font encoding OMS on input line 744.
\macc@depth=\count194
\c@MaxMatrixCols=\count195
\dotsspace@=\muskip16
\c@parentequation=\count196
\dspbrk@lvl=\count197
\tag@help=\toks17
\row@=\count198
\column@=\count199
\maxfields@=\count266
\andhelp@=\toks18
\eqnshift@=\dimen142
\alignsep@=\dimen143
\tagshift@=\dimen144
\tagwidth@=\dimen145
\totwidth@=\dimen146
\lineht@=\dimen147
\@envbody=\toks19
\multlinegap=\skip50
\multlinetaggap=\skip51
\mathdisplay@stack=\toks20
LaTeX Info: Redefining \[ on input line 2938.
LaTeX Info: Redefining \] on input line 2939.
) (/usr/share/texmf-dist/tex/latex/amsfonts/amssymb.sty
Package: amssymb 2013/01/14 v3.01 AMS font symbols
 (/usr/share/texmf-dist/tex/latex/amsfonts/amsfonts.sty
Package: amsfonts 2013/01/14 v3.01 Basic AMSFonts support
\symAMSa=\mathgroup4
\symAMSb=\mathgroup5
LaTeX Font Info:    Redeclaring math symbol \hbar on input line 98.
LaTeX Font Info:    Overwriting math alphabet `\mathfrak' in version `bold'
(Font)                  U/euf/m/n --> U/euf/b/n on input line 106.
)) (/usr/share/texmf-dist/tex/latex/graphics/graphicx.sty
Package: graphicx 2021/09/16 v1.2d Enhanced LaTeX Graphics (DPC,SPQR)
 (/usr/share/texmf-dist/tex/latex/graphics/keyval.sty
Package: keyval 2014/10/28 v1.15 key=value parser (DPC)
\KV@toks@=\toks21
) (/usr/share/texmf-dist/tex/latex/graphics/graphics.sty
Package: graphics 2021/03/04 v1.4d Standard LaTeX Graphics (DPC,SPQR)
 (/usr/share/texmf-dist/tex/latex/graphics/trig.sty
Package: trig 2021/08/11 v1.11 sin cos tan (DPC)
) (/usr/share/texmf-dist/tex/latex/graphics-cfg/graphics.cfg
File: graphics.cfg 2016/06/04 v1.11 sample graphics configuration
)
Package graphics Info: Driver file: xetex.def on input line 107.
 (/usr/share/texmf-dist/tex/latex/graphics-def/xetex.def
File: xetex.def 2022/04/12 v5.0l Graphics/color driver for xetex
))
\Gin@req@height=\dimen148
\Gin@req@width=\dimen149
) (/usr/share/texmf-dist/tex/latex/wrapfig/wrapfig.sty
\wrapoverhang=\dimen150
\WF@size=\dimen151
\c@WF@wrappedlines=\count267
\WF@box=\box52
\WF@everypar=\toks22
Package: wrapfig 2003/01/31  v 3.6
) (/usr/share/texmf-dist/tex/latex/l3backend/l3backend-xetex.def
File: l3backend-xetex.def 2022-04-14 L3 backend support: XeTeX
\l__color_backend_stack_int=\count268
\g__color_backend_stack_int=\count269
\g__graphics_track_int=\count270
\l__pdf_internal_box=\box53
\g__pdf_backend_object_int=\count271
\g__pdf_backend_annotation_int=\count272
\g__pdf_backend_link_int=\count273
)

LaTeX Warning: Unused global option(s):
    [ieeetran].

(./IFM_Lectures_Notes.aux)
\openout1 = `IFM_Lectures_Notes.aux'.

LaTeX Font Info:    Checking defaults for OML/cmm/m/it on input line 11.
LaTeX Font Info:    ... okay on input line 11.
LaTeX Font Info:    Checking defaults for OMS/cmsy/m/n on input line 11.
LaTeX Font Info:    ... okay on input line 11.
LaTeX Font Info:    Checking defaults for OT1/cmr/m/n on input line 11.
LaTeX Font Info:    ... okay on input line 11.
LaTeX Font Info:    Checking defaults for T1/cmr/m/n on input line 11.
LaTeX Font Info:    ... okay on input line 11.
LaTeX Font Info:    Checking defaults for TS1/cmr/m/n on input line 11.
LaTeX Font Info:    Trying to load font information for TS1+cmr on input line 11.
 (/usr/share/texmf-dist/tex/latex/base/ts1cmr.fd
File: ts1cmr.fd 2019/12/16 v2.5j Standard LaTeX font definitions
)
LaTeX Font Info:    ... okay on input line 11.
LaTeX Font Info:    Checking defaults for TU/lmr/m/n on input line 11.
LaTeX Font Info:    ... okay on input line 11.
LaTeX Font Info:    Checking defaults for OMX/cmex/m/n on input line 11.
LaTeX Font Info:    ... okay on input line 11.
LaTeX Font Info:    Checking defaults for U/cmr/m/n on input line 11.
LaTeX Font Info:    ... okay on input line 11.
LaTeX Font Info:    Trying to load font information for U+msa on input line 13.
 (/usr/share/texmf-dist/tex/latex/amsfonts/umsa.fd
File: umsa.fd 2013/01/14 v3.01 AMS symbols A
)
LaTeX Font Info:    Trying to load font information for U+msb on input line 13.
 (/usr/share/texmf-dist/tex/latex/amsfonts/umsb.fd
File: umsb.fd 2013/01/14 v3.01 AMS symbols B
) [1

]
Overfull \hbox (78.46674pt too wide) in paragraph at lines 59--61
\TU/lmr/bx/n/10 Balance sheet equation: \TU/lmr/m/n/10 Two sides must be equal: $[]$ 
 []

File: balancesheet.jpg Graphic file (type bmp)
<balancesheet.jpg>
[2]
Overfull \hbox (88.58615pt too wide) detected at line 105
[]
 []

[3]
Overfull \hbox (122.86143pt too wide) detected at line 117
[]
 []


Overfull \hbox (19.68239pt too wide) detected at line 146
[]
 []

[4]
File: incomestatement.jpg Graphic file (type bmp)
<incomestatement.jpg>

Underfull \hbox (badness 10000) in paragraph at lines 191--191
[][]\TU/lmr/bx/n/8 Dilution \TU/lmr/m/n/8 occurs when a company $[]$ that result in
 []

[5]
Overfull \hbox (80.89273pt too wide) detected at line 288
[]
 []

[6]
Overfull \hbox (16.01097pt too wide) detected at line 317
[]
 []

[7]
Overfull \hbox (21.27998pt too wide) detected at line 377
[]
 []


Overfull \hbox (20.03795pt too wide) detected at line 384
[]
 []


Overfull \hbox (15.29771pt too wide) detected at line 391
[]
 []

[8]
Overfull \hbox (39.25162pt too wide) detected at line 413
[]
 []


Overfull \hbox (101.22008pt too wide) detected at line 420
[]
 []


Overfull \hbox (61.36752pt too wide) detected at line 441
[]
 []


Overfull \hbox (42.39778pt too wide) detected at line 464
[]
 []

[9]
Overfull \hbox (2.60994pt too wide) in paragraph at lines 486--487
[]$[]$ \TU/lmr/m/n/10 => equivalent to receiv-
 []


Overfull \hbox (108.14082pt too wide) in paragraph at lines 492--493
\TU/lmr/m/n/10 the NPV rule, but at other times they disagree. $[]$ 
 []


Underfull \hbox (badness 10000) in paragraph at lines 509--512

 []


Underfull \hbox (badness 10000) in paragraph at lines 523--523
[][]\TU/lmr/bx/n/8 Cost of capital \TU/lmr/m/n/8 is the minimum rate of return or
 []


Overfull \hbox (2.14995pt too wide) in paragraph at lines 524--525
[]$[]$ 
 []

[10]
Underfull \hbox (badness 10000) in paragraph at lines 528--529

 []


Overfull \hbox (9.62997pt too wide) in paragraph at lines 552--553
[]\TU/lmr/m/n/10 When you must choose only one project among several possible projects,
 []

[11]
Underfull \hbox (badness 10000) in paragraph at lines 596--596
[][]\TU/lmr/bx/n/8 Time value of money \TU/lmr/m/n/8 means that a sum of money is worth more
 []


Underfull \hbox (badness 4647) in paragraph at lines 596--596
\TU/lmr/m/n/8 now than the same sum of money in the future. It can grow only $[]$
 []


Overfull \hbox (32.11417pt too wide) detected at line 610
[]
 []

[12]
Overfull \hbox (91.58412pt too wide) detected at line 657
[]
 []


Overfull \hbox (91.42484pt too wide) detected at line 667
[]
 []

[13]
File: FCFearnings.jpg Graphic file (type bmp)
<FCFearnings.jpg>

Overfull \hbox (77.90999pt too wide) in paragraph at lines 685--686
\TU/lmr/m/n/10 and decide which ones to accept => $[]$ 
 []

[14] [15]
Underfull \hbox (badness 10000) in paragraph at lines 749--751

 []

[16] [17] (./IFM_Lectures_Notes.aux) ) 
Here is how much of TeX's memory you used:
 2352 strings out of 476156
 35946 string characters out of 5814963
 338281 words of memory out of 5000000
 23108 multiletter control sequences out of 15000+600000
 475715 words of font info for 68 fonts, out of 8000000 for 9000
 1348 hyphenation exceptions out of 8191
 55i,16n,62p,459b,420s stack positions out of 5000i,500n,10000p,200000b,80000s

Output written on IFM_Lectures_Notes.xdv (17 pages, 198252 bytes).
